<?xml version="1.0" encoding="UTF-8"?>
<!-- Generated by org.testng.reporters.JUnitXMLReporter -->
<testsuite ignored="0" hostname="Pankajs-MacBook-Air.local" failures="1" tests="1" name="Test" time="90.471" errors="0" timestamp="2022-09-02T15:52:58 IST">
  <testcase classname="runner.TestRunner" name="feature" time="90.014">
    <failure type="cucumber.runtime.CucumberException" message="java.lang.NullPointerException: Cannot invoke &amp;quot;org.openqa.selenium.SearchContext.findElement(org.openqa.selenium.By)&amp;quot; because &amp;quot;this.searchContext&amp;quot; is null">
      <![CDATA[cucumber.runtime.CucumberException: java.lang.NullPointerException: Cannot invoke "org.openqa.selenium.SearchContext.findElement(org.openqa.selenium.By)" because "this.searchContext" is null
at cucumber.api.testng.TestNGCucumberRunner.runCucumber(TestNGCucumberRunner.java:69)
at runner.TestRunner.feature(TestRunner.java:46)
at java.base/java.util.ArrayList.forEach(ArrayList.java:1511)
Caused by: java.lang.NullPointerException: Cannot invoke "org.openqa.selenium.SearchContext.findElement(org.openqa.selenium.By)" because "this.searchContext" is null
at org.openqa.selenium.support.pagefactory.DefaultElementLocator.findElement(DefaultElementLocator.java:70)
at org.openqa.selenium.support.pagefactory.internal.LocatingElementHandler.invoke(LocatingElementHandler.java:39)
at com.sun.proxy.$Proxy24.click(Unknown Source)
at pageObjects.TrivagoHomePage.searchCity(TrivagoHomePage.java:30)
at stepDefs.AgodaTest.i_search_for_hotel(AgodaTest.java:23)
at ✽.When I search for hotel(AgodaTest.feature:7)
... Removed 27 stack frames]]>
    </failure>
  </testcase> <!-- feature -->
</testsuite> <!-- Test -->
