<?xml version="1.0" encoding="UTF-8"?>
<testsuite xmlns:xsi="http://www.w3.org/2001/XMLSchema-instance" xsi:noNamespaceSchemaLocation="https://maven.apache.org/surefire/maven-surefire-plugin/xsd/surefire-test-report.xsd" name="TestSuite" time="41.449" tests="3" errors="0" skipped="0" failures="2">
  <properties>
[...]
</properties>
  <testcase name="runScenario" classname="runner.TestRunner" time="21.697">
    <failure message="no such element: Unable to locate element: {&quot;method&quot;:&quot;xpath&quot;,&quot;selector&quot;:&quot;//*[@class=&apos;sR_k-value&apos;]&quot;}&#10;  (Session info: chrome=124.0.6367.79)&#10;For documentation on this error, please visit: https://www.seleniumhq.org/exceptions/no_such_element.html&#10;Build info: version: &apos;3.141.59&apos;, revision: &apos;e82be7d358&apos;, time: &apos;2018-11-14T08:17:03&apos;&#10;System info: host: &apos;Pankajs-MacBook-Air.local&apos;, ip: &apos;2401:4900:1cd1:fc8e:5c37:fd2a:d23b:f437%en0&apos;, os.name: &apos;Mac OS X&apos;, os.arch: &apos;x86_64&apos;, os.version: &apos;11.6.5&apos;, java.version: &apos;22.0.1&apos;&#10;Driver info: org.openqa.selenium.chrome.ChromeDriver&#10;Capabilities {acceptInsecureCerts: false, browserName: chrome, browserVersion: 124.0.6367.79, chrome: {chromedriverVersion: 124.0.6367.78 (a087f2dd364d..., userDataDir: /var/folders/tv/ys9fvp5575v...}, fedcm:accounts: true, goog:chromeOptions: {debuggerAddress: localhost:51490}, javascriptEnabled: true, networkConnectionEnabled: false, pageLoadStrategy: normal, platform: MAC, platformName: MAC, proxy: Proxy(), setWindowRect: true, strictFileInteractability: false, timeouts: {implicit: 0, pageLoad: 300000, script: 30000}, unhandledPromptBehavior: dismiss and notify, webauthn:extension:credBlob: true, webauthn:extension:largeBlob: true, webauthn:extension:minPinLength: true, webauthn:extension:prf: true, webauthn:virtualAuthenticators: true}&#10;Session ID: a1b3fd298ec9298232a9f665a06d9279&#10;*** Element info: {Using=xpath, value=//*[@class=&apos;sR_k-value&apos;]}" type="org.openqa.selenium.NoSuchElementException">org.openqa.selenium.NoSuchElementException: 
no such element: Unable to locate element: {"method":"xpath","selector":"//*[@class='sR_k-value']"}
  (Session info: chrome=124.0.6367.79)
For documentation on this error, please visit: https://www.seleniumhq.org/exceptions/no_such_element.html
Build info: version: '3.141.59', revision: 'e82be7d358', time: '2018-11-14T08:17:03'
System info: host: 'Pankajs-MacBook-Air.local', ip: '2401:4900:1cd1:fc8e:5c37:fd2a:d23b:f437%en0', os.name: 'Mac OS X', os.arch: 'x86_64', os.version: '11.6.5', java.version: '22.0.1'
Driver info: org.openqa.selenium.chrome.ChromeDriver
Capabilities {acceptInsecureCerts: false, browserName: chrome, browserVersion: 124.0.6367.79, chrome: {chromedriverVersion: 124.0.6367.78 (a087f2dd364d..., userDataDir: /var/folders/tv/ys9fvp5575v...}, fedcm:accounts: true, goog:chromeOptions: {debuggerAddress: localhost:51490}, javascriptEnabled: true, networkConnectionEnabled: false, pageLoadStrategy: normal, platform: MAC, platformName: MAC, proxy: Proxy(), setWindowRect: true, strictFileInteractability: false, timeouts: {implicit: 0, pageLoad: 300000, script: 30000}, unhandledPromptBehavior: dismiss and notify, webauthn:extension:credBlob: true, webauthn:extension:largeBlob: true, webauthn:extension:minPinLength: true, webauthn:extension:prf: true, webauthn:virtualAuthenticators: true}
Session ID: a1b3fd298ec9298232a9f665a06d9279
*** Element info: {Using=xpath, value=//*[@class='sR_k-value']}
</failure>
    <system-out><![CDATA[onStart method started
New Test StartedrunScenario

@Kayak @Functional
Scenario Outline: Testing the flight search functionality of KAYAK travel website # src/test/resources/features/KayakFlightSearchTesting.feature:13
  Given I am on Kayak Home Page                                                   # stepDefs.KayakFlightSearchTesting_StepDef.i_am_on_kayak_home_page()
Mumbai
  When I perform flight search to destination Mumbai                              # stepDefs.KayakFlightSearchTesting_StepDef.i_perform_flight_search_to_destination(java.lang.String)
26 May, 2024
  And providing from date 26 May, 2024 and to date 27 May, 2024                   # stepDefs.KayakFlightSearchTesting_StepDef.providing_from_date_and_to_date(java.lang.String,java.lang.String)
      org.openqa.selenium.NoSuchElementException: no such element: Unable to locate element: {"method":"xpath","selector":"//*[@class='sR_k-value']"}
  (Session info: chrome=124.0.6367.79)
For documentation on this error, please visit: https://www.seleniumhq.org/exceptions/no_such_element.html
Build info: version: '3.141.59', revision: 'e82be7d358', time: '2018-11-14T08:17:03'
System info: host: 'Pankajs-MacBook-Air.local', ip: '2401:4900:1cd1:fc8e:5c37:fd2a:d23b:f437%en0', os.name: 'Mac OS X', os.arch: 'x86_64', os.version: '11.6.5', java.version: '22.0.1'
Driver info: org.openqa.selenium.chrome.ChromeDriver
Capabilities {acceptInsecureCerts: false, browserName: chrome, browserVersion: 124.0.6367.79, chrome: {chromedriverVersion: 124.0.6367.78 (a087f2dd364d..., userDataDir: /var/folders/tv/ys9fvp5575v...}, fedcm:accounts: true, goog:chromeOptions: {debuggerAddress: localhost:51490}, javascriptEnabled: true, networkConnectionEnabled: false, pageLoadStrategy: normal, platform: MAC, platformName: MAC, proxy: Proxy(), setWindowRect: true, strictFileInteractability: false, timeouts: {implicit: 0, pageLoad: 300000, script: 30000}, unhandledPromptBehavior: dismiss and notify, webauthn:extension:credBlob: true, webauthn:extension:largeBlob: true, webauthn:extension:minPinLength: true, webauthn:extension:prf: true, webauthn:virtualAuthenticators: true}
Session ID: a1b3fd298ec9298232a9f665a06d9279
*** Element info: {Using=xpath, value=//*[@class='sR_k-value']}
	at java.base/jdk.internal.reflect.DirectConstructorHandleAccessor.newInstance(DirectConstructorHandleAccessor.java:62)
	at java.base/java.lang.reflect.Constructor.newInstanceWithCaller(Constructor.java:502)
	at java.base/java.lang.reflect.Constructor.newInstance(Constructor.java:486)
	at org.openqa.selenium.remote.http.W3CHttpResponseCodec.createException(W3CHttpResponseCodec.java:187)
	at org.openqa.selenium.remote.http.W3CHttpResponseCodec.decode(W3CHttpResponseCodec.java:122)
	at org.openqa.selenium.remote.http.W3CHttpResponseCodec.decode(W3CHttpResponseCodec.java:49)
	at org.openqa.selenium.remote.HttpCommandExecutor.execute(HttpCommandExecutor.java:158)
	at org.openqa.selenium.remote.service.DriverCommandExecutor.execute(DriverCommandExecutor.java:83)
	at org.openqa.selenium.remote.RemoteWebDriver.execute(RemoteWebDriver.java:552)
	at org.openqa.selenium.remote.RemoteWebDriver.findElement(RemoteWebDriver.java:323)
	at org.openqa.selenium.remote.RemoteWebDriver.findElementByXPath(RemoteWebDriver.java:428)
	at org.openqa.selenium.By$ByXPath.findElement(By.java:353)
	at org.openqa.selenium.remote.RemoteWebDriver.findElement(RemoteWebDriver.java:315)
	at pageObjects.KayakHomePage.fromDateSelection(KayakHomePage.java:27)
	at stepDefs.KayakFlightSearchTesting_StepDef.providing_from_date_and_to_date(KayakFlightSearchTesting_StepDef.java:36)
	at ✽.providing from date 26 May, 2024 and to date 27 May, 2024(file:///Users/Pankaj/xtra/cucTestNGFrameWork/src/test/resources/features/KayakFlightSearchTesting.feature:7)

  And click on search button                                                      # stepDefs.KayakFlightSearchTesting_StepDef.click_on_search_button()
  Then Flight result page should be displayed.                                    # stepDefs.KayakFlightSearchTesting_StepDef.flight_result_page_should_be_displayed()
onTestFailure MethodrunScenario
]]></system-out>
    <system-err><![CDATA[SLF4J: Failed to load class "org.slf4j.impl.StaticLoggerBinder".
SLF4J: Defaulting to no-operation (NOP) logger implementation
SLF4J: See http://www.slf4j.org/codes.html#StaticLoggerBinder for further details.
Starting ChromeDriver 124.0.6367.78 (a087f2dd364ddd58b9c016ef1bf563d2bc138711-refs/branch-heads/6367@{#954}) on port 36345
Only local connections are allowed.
Please see https://chromedriver.chromium.org/security-considerations for suggestions on keeping ChromeDriver safe.
ChromeDriver was started successfully.
Apr 26, 2024 11:39:12 AM org.openqa.selenium.remote.ProtocolHandshake createSession
INFO: Detected dialect: W3C
]]></system-err>
  </testcase>
  <testcase name="runScenario" classname="runner.TestRunner" time="9.693">
    <failure message="no such element: Unable to locate element: {&quot;method&quot;:&quot;xpath&quot;,&quot;selector&quot;:&quot;//*[@class=&apos;sR_k-value&apos;]&quot;}&#10;  (Session info: chrome=124.0.6367.79)&#10;For documentation on this error, please visit: https://www.seleniumhq.org/exceptions/no_such_element.html&#10;Build info: version: &apos;3.141.59&apos;, revision: &apos;e82be7d358&apos;, time: &apos;2018-11-14T08:17:03&apos;&#10;System info: host: &apos;Pankajs-MacBook-Air.local&apos;, ip: &apos;2401:4900:1cd1:fc8e:5c37:fd2a:d23b:f437%en0&apos;, os.name: &apos;Mac OS X&apos;, os.arch: &apos;x86_64&apos;, os.version: &apos;11.6.5&apos;, java.version: &apos;22.0.1&apos;&#10;Driver info: org.openqa.selenium.chrome.ChromeDriver&#10;Capabilities {acceptInsecureCerts: false, browserName: chrome, browserVersion: 124.0.6367.79, chrome: {chromedriverVersion: 124.0.6367.78 (a087f2dd364d..., userDataDir: /var/folders/tv/ys9fvp5575v...}, fedcm:accounts: true, goog:chromeOptions: {debuggerAddress: localhost:51528}, javascriptEnabled: true, networkConnectionEnabled: false, pageLoadStrategy: normal, platform: MAC, platformName: MAC, proxy: Proxy(), setWindowRect: true, strictFileInteractability: false, timeouts: {implicit: 0, pageLoad: 300000, script: 30000}, unhandledPromptBehavior: dismiss and notify, webauthn:extension:credBlob: true, webauthn:extension:largeBlob: true, webauthn:extension:minPinLength: true, webauthn:extension:prf: true, webauthn:virtualAuthenticators: true}&#10;Session ID: 0cc190a26a0139fee0e2d024049a2330&#10;*** Element info: {Using=xpath, value=//*[@class=&apos;sR_k-value&apos;]}" type="org.openqa.selenium.NoSuchElementException">org.openqa.selenium.NoSuchElementException: 
no such element: Unable to locate element: {"method":"xpath","selector":"//*[@class='sR_k-value']"}
  (Session info: chrome=124.0.6367.79)
For documentation on this error, please visit: https://www.seleniumhq.org/exceptions/no_such_element.html
Build info: version: '3.141.59', revision: 'e82be7d358', time: '2018-11-14T08:17:03'
System info: host: 'Pankajs-MacBook-Air.local', ip: '2401:4900:1cd1:fc8e:5c37:fd2a:d23b:f437%en0', os.name: 'Mac OS X', os.arch: 'x86_64', os.version: '11.6.5', java.version: '22.0.1'
Driver info: org.openqa.selenium.chrome.ChromeDriver
Capabilities {acceptInsecureCerts: false, browserName: chrome, browserVersion: 124.0.6367.79, chrome: {chromedriverVersion: 124.0.6367.78 (a087f2dd364d..., userDataDir: /var/folders/tv/ys9fvp5575v...}, fedcm:accounts: true, goog:chromeOptions: {debuggerAddress: localhost:51528}, javascriptEnabled: true, networkConnectionEnabled: false, pageLoadStrategy: normal, platform: MAC, platformName: MAC, proxy: Proxy(), setWindowRect: true, strictFileInteractability: false, timeouts: {implicit: 0, pageLoad: 300000, script: 30000}, unhandledPromptBehavior: dismiss and notify, webauthn:extension:credBlob: true, webauthn:extension:largeBlob: true, webauthn:extension:minPinLength: true, webauthn:extension:prf: true, webauthn:virtualAuthenticators: true}
Session ID: 0cc190a26a0139fee0e2d024049a2330
*** Element info: {Using=xpath, value=//*[@class='sR_k-value']}
</failure>
    <system-out><![CDATA[New Test StartedrunScenario

@Kayak @Functional
Scenario Outline: Testing the flight search functionality of KAYAK travel website # src/test/resources/features/KayakFlightSearchTesting.feature:14
  Given I am on Kayak Home Page                                                   # stepDefs.KayakFlightSearchTesting_StepDef.i_am_on_kayak_home_page()
Pune
  When I perform flight search to destination Pune                                # stepDefs.KayakFlightSearchTesting_StepDef.i_perform_flight_search_to_destination(java.lang.String)
27 June, 2024
  And providing from date 27 June, 2024 and to date 29 June, 2024                 # stepDefs.KayakFlightSearchTesting_StepDef.providing_from_date_and_to_date(java.lang.String,java.lang.String)
      org.openqa.selenium.NoSuchElementException: no such element: Unable to locate element: {"method":"xpath","selector":"//*[@class='sR_k-value']"}
  (Session info: chrome=124.0.6367.79)
For documentation on this error, please visit: https://www.seleniumhq.org/exceptions/no_such_element.html
Build info: version: '3.141.59', revision: 'e82be7d358', time: '2018-11-14T08:17:03'
System info: host: 'Pankajs-MacBook-Air.local', ip: '2401:4900:1cd1:fc8e:5c37:fd2a:d23b:f437%en0', os.name: 'Mac OS X', os.arch: 'x86_64', os.version: '11.6.5', java.version: '22.0.1'
Driver info: org.openqa.selenium.chrome.ChromeDriver
Capabilities {acceptInsecureCerts: false, browserName: chrome, browserVersion: 124.0.6367.79, chrome: {chromedriverVersion: 124.0.6367.78 (a087f2dd364d..., userDataDir: /var/folders/tv/ys9fvp5575v...}, fedcm:accounts: true, goog:chromeOptions: {debuggerAddress: localhost:51528}, javascriptEnabled: true, networkConnectionEnabled: false, pageLoadStrategy: normal, platform: MAC, platformName: MAC, proxy: Proxy(), setWindowRect: true, strictFileInteractability: false, timeouts: {implicit: 0, pageLoad: 300000, script: 30000}, unhandledPromptBehavior: dismiss and notify, webauthn:extension:credBlob: true, webauthn:extension:largeBlob: true, webauthn:extension:minPinLength: true, webauthn:extension:prf: true, webauthn:virtualAuthenticators: true}
Session ID: 0cc190a26a0139fee0e2d024049a2330
*** Element info: {Using=xpath, value=//*[@class='sR_k-value']}
	at java.base/jdk.internal.reflect.DirectConstructorHandleAccessor.newInstance(DirectConstructorHandleAccessor.java:62)
	at java.base/java.lang.reflect.Constructor.newInstanceWithCaller(Constructor.java:502)
	at java.base/java.lang.reflect.Constructor.newInstance(Constructor.java:486)
	at org.openqa.selenium.remote.http.W3CHttpResponseCodec.createException(W3CHttpResponseCodec.java:187)
	at org.openqa.selenium.remote.http.W3CHttpResponseCodec.decode(W3CHttpResponseCodec.java:122)
	at org.openqa.selenium.remote.http.W3CHttpResponseCodec.decode(W3CHttpResponseCodec.java:49)
	at org.openqa.selenium.remote.HttpCommandExecutor.execute(HttpCommandExecutor.java:158)
	at org.openqa.selenium.remote.service.DriverCommandExecutor.execute(DriverCommandExecutor.java:83)
	at org.openqa.selenium.remote.RemoteWebDriver.execute(RemoteWebDriver.java:552)
	at org.openqa.selenium.remote.RemoteWebDriver.findElement(RemoteWebDriver.java:323)
	at org.openqa.selenium.remote.RemoteWebDriver.findElementByXPath(RemoteWebDriver.java:428)
	at org.openqa.selenium.By$ByXPath.findElement(By.java:353)
	at org.openqa.selenium.remote.RemoteWebDriver.findElement(RemoteWebDriver.java:315)
	at pageObjects.KayakHomePage.fromDateSelection(KayakHomePage.java:27)
	at stepDefs.KayakFlightSearchTesting_StepDef.providing_from_date_and_to_date(KayakFlightSearchTesting_StepDef.java:36)
	at ✽.providing from date 27 June, 2024 and to date 29 June, 2024(file:///Users/Pankaj/xtra/cucTestNGFrameWork/src/test/resources/features/KayakFlightSearchTesting.feature:7)

  And click on search button                                                      # stepDefs.KayakFlightSearchTesting_StepDef.click_on_search_button()
  Then Flight result page should be displayed.                                    # stepDefs.KayakFlightSearchTesting_StepDef.flight_result_page_should_be_displayed()
onTestFailure MethodrunScenario
]]></system-out>
    <system-err><![CDATA[Starting ChromeDriver 124.0.6367.78 (a087f2dd364ddd58b9c016ef1bf563d2bc138711-refs/branch-heads/6367@{#954}) on port 31563
Only local connections are allowed.
Please see https://chromedriver.chromium.org/security-considerations for suggestions on keeping ChromeDriver safe.
ChromeDriver was started successfully.
Apr 26, 2024 11:39:27 AM org.openqa.selenium.remote.ProtocolHandshake createSession
INFO: Detected dialect: W3C
]]></system-err>
  </testcase>
  <testcase name="runScenario" classname="runner.TestRunner" time="7.371"/>
</testsuite>